<?xml version="1.0" encoding="UTF-8"?>
<!-- Generated by org.testng.reporters.JUnitReportReporter -->
<testsuite hostname="DESKTOP-JAM393F" failures="0" tests="3" name="Day5.ParsingXMLdata" time="0.669" errors="0" timestamp="2023-08-23T14:12:45 IST" skipped="0">
  <testcase classname="Day5.ParsingXMLdata" name="testXMLResponse" time="0.192"/>
  <system-out/>
  <testcase classname="Day5.ParsingXMLdata" name="ParsingXMLDataUsingResponse" time="0.283"/>
  <system-out/>
  <testcase classname="Day5.ParsingXMLdata" name="ParsingXmlData" time="0.194"/>
  <system-out/>
</testsuite> <!-- Day5.ParsingXMLdata -->
