<?xml version="1.0" encoding="UTF-8"?>
<!-- Generated by org.testng.reporters.JUnitReportReporter -->
<testsuite hostname="DESKTOP-JAM393F" failures="0" tests="1" name="Day7.FakerDataGenerete" time="0.300" errors="0" timestamp="2023-08-23T14:12:45 IST" skipped="0">
  <testcase classname="Day7.FakerDataGenerete" name="fakedataGenerat" time="0.300"/>
  <system-out/>
</testsuite> <!-- Day7.FakerDataGenerete -->
