<?xml version="1.0" encoding="UTF-8"?>
<!-- Generated by org.testng.reporters.JUnitReportReporter -->
<testsuite hostname="DESKTOP-JAM393F" failures="0" tests="1" name="Day3.HeaderDemo" time="0.593" errors="0" timestamp="2023-08-23T14:12:45 IST" skipped="0">
  <testcase classname="Day3.HeaderDemo" name="usingLog" time="0.593"/>
  <system-out/>
</testsuite> <!-- Day3.HeaderDemo -->
