<?xml version="1.0" encoding="UTF-8"?>
<!-- Generated by org.testng.reporters.JUnitReportReporter -->
<testsuite hostname="DESKTOP-JAM393F" failures="0" tests="4" name="Day1.HttpRequist" time="1.113" errors="0" timestamp="2023-08-23T14:12:45 IST" skipped="0">
  <testcase classname="Day1.HttpRequist" name="getUsers" time="0.060"/>
  <system-out/>
  <testcase classname="Day1.HttpRequist" name="createUser" time="0.362"/>
  <system-out/>
  <testcase classname="Day1.HttpRequist" name="updateUSer" time="0.362"/>
  <system-out/>
  <testcase classname="Day1.HttpRequist" name="deleteUSer" time="0.329"/>
  <system-out/>
</testsuite> <!-- Day1.HttpRequist -->
