<?xml version="1.0" encoding="UTF-8"?>
<!-- Generated by org.testng.reporters.JUnitReportReporter -->
<testsuite hostname="DESKTOP-JAM393F" failures="0" tests="1" name="Day5.FileUploadDownload" time="0.523" errors="0" timestamp="2023-08-23T14:12:45 IST" skipped="0">
  <testcase classname="Day5.FileUploadDownload" name="fileUpload" time="0.523"/>
  <system-out/>
</testsuite> <!-- Day5.FileUploadDownload -->
