<?xml version="1.0" encoding="UTF-8"?>
<!-- Generated by org.testng.reporters.JUnitReportReporter -->
<testsuite hostname="DESKTOP-JAM393F" failures="0" tests="3" name="Day2.CreateUserFromMultipleWay" time="1.891" errors="0" timestamp="2023-08-23T14:12:45 IST" skipped="0">
  <testcase classname="Day2.CreateUserFromMultipleWay" name="createUserUsingJsonObject" time="1.239"/>
  <system-out/>
  <testcase classname="Day2.CreateUserFromMultipleWay" name="getUser" time="0.347"/>
  <system-out/>
  <testcase classname="Day2.CreateUserFromMultipleWay" name="deleteUser" time="0.305"/>
  <system-out/>
</testsuite> <!-- Day2.CreateUserFromMultipleWay -->
