<?xml version="1.0" encoding="UTF-8"?>
<!-- Generated by org.testng.reporters.JUnitReportReporter -->
<testsuite hostname="DESKTOP-JAM393F" failures="0" tests="1" name="Day6.JsonSchemaValidation" time="0.241" errors="0" timestamp="2023-08-23T14:18:34 IST" skipped="0">
  <testcase classname="Day6.JsonSchemaValidation" name="validatingXmltoXsd" time="0.241"/>
  <system-out/>
</testsuite> <!-- Day6.JsonSchemaValidation -->
