<?xml version="1.0" encoding="UTF-8"?>
<!-- Generated by org.testng.reporters.JUnitReportReporter -->
<testsuite hostname="DESKTOP-JAM393F" failures="0" tests="1" name="Day4.PassingJSONResponceData" time="2.298" errors="0" timestamp="2023-08-23T14:45:15 IST" skipped="0">
  <testcase classname="Day4.PassingJSONResponceData" name="passingRespUsingJsonObject" time="2.298"/>
  <system-out/>
</testsuite> <!-- Day4.PassingJSONResponceData -->
