<?xml version="1.0" encoding="UTF-8"?>
<!-- Generated by org.testng.reporters.JUnitReportReporter -->
<testsuite hostname="DESKTOP-JAM393F" failures="0" tests="3" name="Day2.JsonFile" time="0.912" errors="0" timestamp="2023-08-23T14:14:11 IST" skipped="0">
  <testcase classname="Day2.JsonFile" name="createUser" time="0.291"/>
  <system-out/>
  <testcase classname="Day2.JsonFile" name="getSingleUser" time="0.302"/>
  <system-out/>
  <testcase classname="Day2.JsonFile" name="deleteUser" time="0.319"/>
  <system-out/>
</testsuite> <!-- Day2.JsonFile -->
