<?xml version="1.0" encoding="UTF-8"?>
<!-- Generated by org.testng.reporters.JUnitReportReporter -->
<testsuite hostname="DESKTOP-JAM393F" failures="0" tests="3" name="Day5.ParsingXMLdata" time="1.591" errors="0" timestamp="2023-08-23T14:45:15 IST" skipped="0">
  <testcase classname="Day5.ParsingXMLdata" name="ParsingXmlData" time="0.423"/>
  <system-out/>
  <testcase classname="Day5.ParsingXMLdata" name="ParsingXMLDataUsingResponse" time="0.926"/>
  <system-out/>
  <testcase classname="Day5.ParsingXMLdata" name="testXMLResponse" time="0.242"/>
  <system-out/>
</testsuite> <!-- Day5.ParsingXMLdata -->
