<?xml version="1.0" encoding="UTF-8"?>
<!-- Generated by org.testng.reporters.JUnitReportReporter -->
<testsuite hostname="DESKTOP-JAM393F" failures="0" tests="1" name="Day3.PathQuryParameter" time="0.604" errors="0" timestamp="2023-08-23T14:45:15 IST" skipped="0">
  <testcase classname="Day3.PathQuryParameter" name="getCookiesInf" time="0.604"/>
  <system-out/>
</testsuite> <!-- Day3.PathQuryParameter -->
