<?xml version="1.0" encoding="UTF-8"?>
<!-- Generated by org.testng.reporters.JUnitReportReporter -->
<testsuite hostname="DESKTOP-JAM393F" failures="0" tests="4" name="Day1.HttpRequist" time="1.295" errors="0" timestamp="2023-08-23T14:45:15 IST" skipped="0">
  <testcase classname="Day1.HttpRequist" name="getUsers" time="0.090"/>
  <system-out/>
  <testcase classname="Day1.HttpRequist" name="createUser" time="0.534"/>
  <system-out/>
  <testcase classname="Day1.HttpRequist" name="updateUSer" time="0.335"/>
  <system-out/>
  <testcase classname="Day1.HttpRequist" name="deleteUSer" time="0.336"/>
  <system-out/>
</testsuite> <!-- Day1.HttpRequist -->
